#
# There is insufficient memory for the Java Runtime Environment to continue.
# Native memory allocation (mmap) failed to map 130023424 bytes for Failed to commit area from 0x0000000085200000 to 0x000000008ce00000 of length 130023424.
# Possible reasons:
#   The system is out of physical RAM or swap space
#   The process is running with CompressedOops enabled, and the Java Heap may be blocking the growth of the native heap
# Possible solutions:
#   Reduce memory load on the system
#   Increase physical memory or swap space
#   Check if swap backing store is full
#   Decrease Java heap size (-Xmx/-Xms)
#   Decrease number of Java threads
#   Decrease Java thread stack sizes (-Xss)
#   Set larger code cache with -XX:ReservedCodeCacheSize=
# This output file may be truncated or incomplete.
#
#  Out of Memory Error (./open/src/hotspot/os/windows/os_windows.cpp:3287), pid=3456, tid=14668
#
# JRE version:  (11.0.15+8) (build )
# Java VM: Java HotSpot(TM) 64-Bit Server VM (11.0.15+8-LTS-149, mixed mode, sharing, tiered, compressed oops, g1 gc, windows-amd64)
# No core dump will be written. Minidumps are not enabled by default on client versions of Windows
#

---------------  S U M M A R Y ------------

Command Line: BubbleSort

Host: Intel(R) Core(TM) i5-6300U CPU @ 2.40GHz, 4 cores, 7G,  Windows 10 , 64 bit Build 19041 (10.0.19041.1706)
Time: Tue May 24 21:03:58 2022 Eastern Daylight Time elapsed time: 0.022405 seconds (0d 0h 0m 0s)

---------------  T H R E A D  ---------------

Current thread (0x000002508dd2b000):  JavaThread "Unknown thread" [_thread_in_vm, id=14668, stack(0x0000005e2fc00000,0x0000005e2fd00000)]

Stack: [0x0000005e2fc00000,0x0000005e2fd00000]
Native frames: (J=compiled Java code, j=interpreted, Vv=VM code, C=native code)
V  [jvm.dll+0x629d8a]
V  [jvm.dll+0x7638ff]
V  [jvm.dll+0x764fa9]
V  [jvm.dll+0x765633]
V  [jvm.dll+0x23d9c8]
V  [jvm.dll+0x6270aa]
V  [jvm.dll+0x61be35]
V  [jvm.dll+0x2f27dc]
V  [jvm.dll+0x2f2662]
V  [jvm.dll+0x2f7386]
V  [jvm.dll+0x339d8f]
V  [jvm.dll+0x3397c0]
V  [jvm.dll+0x2cfdf8]
V  [jvm.dll+0x2d0f66]
V  [jvm.dll+0x73df07]
V  [jvm.dll+0x73f79f]
V  [jvm.dll+0x346ab9]
V  [jvm.dll+0x723810]
V  [jvm.dll+0x3b56cf]
V  [jvm.dll+0x3b77e1]
C  [jli.dll+0x5207]
C  [ucrtbase.dll+0x21bb2]
C  [KERNEL32.DLL+0x17034]
C  [ntdll.dll+0x52651]


---------------  P R O C E S S  ---------------

Threads class SMR info:
_java_thread_list=0x000002508bc8c3b0, length=0, elements={
}

Java Threads: ( => current thread )

Other Threads:
  0x000002508dd40000 GCTaskThread "GC Thread#0" [stack: 0x0000005e2fd00000,0x0000005e2fe00000] [id=10048]
  0x000002508dd70000 ConcurrentGCThread "G1 Main Marker" [stack: 0x0000005e2fe00000,0x0000005e2ff00000] [id=16216]
  0x000002508dd72000 ConcurrentGCThread "G1 Conc#0" [stack: 0x0000005e2ff00000,0x0000005e30000000] [id=1440]

[error occurred during error reporting (printing all threads), id 0xc0000005, EXCEPTION_ACCESS_VIOLATION (0xc0000005) at pc=0x00007ffd4f16f087]

VM state:not at safepoint (not fully initialized)

VM Mutex/Monitor currently owned by a thread:  ([mutex/lock_event])
[0x000002508dd26f80] Heap_lock - owner thread: 0x000002508dd2b000

Heap address: 0x0000000085200000, size: 1966 MB, Compressed Oops mode: Non-zero based: 0x0000000085200000
Narrow klass base: 0x0000000000000000, Narrow klass shift: 0

GC Heap History (0 events):
No events

Deoptimization events (0 events):
No events

Classes redefined (0 events):
No events

Internal exceptions (0 events):
No events

Events (0 events):
No events


Dynamic libraries:
0x00007ff795f80000 - 0x00007ff795f8f000 	C:\Program Files\Java\jdk-11.0.15\bin\java.exe
0x00007ffdaa290000 - 0x00007ffdaa485000 	C:\WINDOWS\SYSTEM32\ntdll.dll
0x00007ffda9250000 - 0x00007ffda930d000 	C:\WINDOWS\System32\KERNEL32.DLL
0x00007ffda7d60000 - 0x00007ffda802d000 	C:\WINDOWS\System32\KERNELBASE.dll
0x00007ffda7a30000 - 0x00007ffda7b30000 	C:\WINDOWS\System32\ucrtbase.dll
0x00007ffda34c0000 - 0x00007ffda34d8000 	C:\Program Files\Java\jdk-11.0.15\bin\jli.dll
0x00007ffda3480000 - 0x00007ffda3495000 	C:\Program Files\Java\jdk-11.0.15\bin\VCRUNTIME140.dll
0x00007ffda98e0000 - 0x00007ffda998e000 	C:\WINDOWS\System32\ADVAPI32.dll
0x00007ffdaa060000 - 0x00007ffdaa0fe000 	C:\WINDOWS\System32\msvcrt.dll
0x00007ffda9700000 - 0x00007ffda979c000 	C:\WINDOWS\System32\sechost.dll
0x00007ffda8d10000 - 0x00007ffda8e35000 	C:\WINDOWS\System32\RPCRT4.dll
0x00007ffda9e60000 - 0x00007ffdaa000000 	C:\WINDOWS\System32\USER32.dll
0x00007ffda82b0000 - 0x00007ffda82d2000 	C:\WINDOWS\System32\win32u.dll
0x00007ffd96200000 - 0x00007ffd9649a000 	C:\WINDOWS\WinSxS\amd64_microsoft.windows.common-controls_6595b64144ccf1df_6.0.19041.1110_none_60b5254171f9507e\COMCTL32.dll
0x00007ffda9990000 - 0x00007ffda99ba000 	C:\WINDOWS\System32\GDI32.dll
0x00007ffda80f0000 - 0x00007ffda81fb000 	C:\WINDOWS\System32\gdi32full.dll
0x00007ffda7cc0000 - 0x00007ffda7d5d000 	C:\WINDOWS\System32\msvcp_win.dll
0x00007ffd9d850000 - 0x00007ffd9d85a000 	C:\WINDOWS\SYSTEM32\VERSION.dll
0x00007ffda98b0000 - 0x00007ffda98e0000 	C:\WINDOWS\System32\IMM32.DLL
0x00007ffd93df0000 - 0x00007ffd93e8b000 	C:\Program Files\Java\jdk-11.0.15\bin\msvcp140.dll
0x00007ffd4ee90000 - 0x00007ffd4f9a6000 	C:\Program Files\Java\jdk-11.0.15\bin\server\jvm.dll
0x00007ffda99d0000 - 0x00007ffda99d8000 	C:\WINDOWS\System32\PSAPI.DLL
0x00007ffd95850000 - 0x00007ffd95877000 	C:\WINDOWS\SYSTEM32\WINMM.dll
0x00007ffd8b360000 - 0x00007ffd8b369000 	C:\WINDOWS\SYSTEM32\WSOCK32.dll
0x00007ffda9310000 - 0x00007ffda937b000 	C:\WINDOWS\System32\WS2_32.dll
0x00007ffda58a0000 - 0x00007ffda58b2000 	C:\WINDOWS\SYSTEM32\kernel.appcore.dll
0x00007ffda3430000 - 0x00007ffda3440000 	C:\Program Files\Java\jdk-11.0.15\bin\verify.dll
0x00007ffd96ff0000 - 0x00007ffd971d4000 	C:\WINDOWS\SYSTEM32\DBGHELP.DLL
0x00007ffd8f620000 - 0x00007ffd8f64c000 	C:\WINDOWS\SYSTEM32\dbgcore.DLL
0x00007ffda79a0000 - 0x00007ffda7a22000 	C:\WINDOWS\System32\bcryptPrimitives.dll
0x00007ffd98130000 - 0x00007ffd98158000 	C:\Program Files\Java\jdk-11.0.15\bin\java.dll
0x00007ffda3420000 - 0x00007ffda342a000 	C:\Program Files\Java\jdk-11.0.15\bin\jimage.dll
0x00007ffd980b0000 - 0x00007ffd980c6000 	C:\Program Files\Java\jdk-11.0.15\bin\zip.dll

dbghelp: loaded successfully - version: 4.0.5 - missing functions: none
symbol engine: initialized successfully - sym options: 0x614 - pdb path: .;C:\Program Files\Java\jdk-11.0.15\bin;C:\WINDOWS\SYSTEM32;C:\WINDOWS\WinSxS\amd64_microsoft.windows.common-controls_6595b64144ccf1df_6.0.19041.1110_none_60b5254171f9507e;C:\Program Files\Java\jdk-11.0.15\bin\server

VM Arguments:
java_command: BubbleSort
java_class_path (initial): C:\Users\user\AppData\Roaming\Code\User\workspaceStorage\bea1145264976a6eab35e0a222b5695d\redhat.java\jdt_ws\Algorithm_8221f1e1\bin
Launcher Type: SUN_STANDARD

[Global flags]
     intx CICompilerCount                          = 3                                         {product} {ergonomic}
     uint ConcGCThreads                            = 1                                         {product} {ergonomic}
     uint G1ConcRefinementThreads                  = 4                                         {product} {ergonomic}
   size_t G1HeapRegionSize                         = 1048576                                   {product} {ergonomic}
    uintx GCDrainStackTargetSize                   = 64                                        {product} {ergonomic}
   size_t InitialHeapSize                          = 130023424                                 {product} {ergonomic}
   size_t MarkStackSize                            = 4194304                                   {product} {ergonomic}
   size_t MaxHeapSize                              = 2061500416                                {product} {ergonomic}
   size_t MinHeapDeltaBytes                        = 1048576                                   {product} {ergonomic}
    uintx NonNMethodCodeHeapSize                   = 5830732                                {pd product} {ergonomic}
    uintx NonProfiledCodeHeapSize                  = 122913754                              {pd product} {ergonomic}
    uintx ProfiledCodeHeapSize                     = 122913754                              {pd product} {ergonomic}
    uintx ReservedCodeCacheSize                    = 251658240                              {pd product} {ergonomic}
     bool SegmentedCodeCache                       = true                                      {product} {ergonomic}
     bool UseCompressedClassPointers               = true                                 {lp64_product} {ergonomic}
     bool UseCompressedOops                        = true                                 {lp64_product} {ergonomic}
     bool UseG1GC                                  = true                                      {product} {ergonomic}
     bool UseLargePagesIndividualAllocation        = false                                  {pd product} {ergonomic}

Logging:
Log output configuration:
 #0: stdout all=warning uptime,level,tags
 #1: stderr all=off uptime,level,tags

Environment Variables:
JAVA_HOME=C:\Program Files\Java\jdk-11.0.15
PATH=C:\Users\user\bin;C:\Users\user\AppData\Local\Programs\Git\mingw64\bin;C:\Users\user\AppData\Local\Programs\Git\usr\local\bin;C:\Users\user\AppData\Local\Programs\Git\usr\bin;C:\Users\user\AppData\Local\Programs\Git\usr\bin;C:\Users\user\AppData\Local\Programs\Git\mingw64\bin;C:\Users\user\AppData\Local\Programs\Git\usr\bin;C:\Users\user\bin;C:\Program Files\Common Files\Oracle\Java\javapath;C:\Program Files (x86)\Common Files\Oracle\Java\javapath;C:\Program Files (x86)\NVIDIA Corporation\PhysX\Common;C:\ProgramData\Oracle\Java\javapath;C:\WINDOWS\system32;C:\WINDOWS;C:\WINDOWS\System32\Wbem;C:\WINDOWS\System32\WindowsPowerShell\v1.0;C:\Program Files (x86)\Skype\Phone;C:\Program Files\WIDCOMM\Bluetooth Software;C:\Program Files\WIDCOMM\Bluetooth Software\syswow64;C:\WINDOWS\System32\OpenSSH;C:\Program Files (x86)\Intel\Intel(R) Management Engine Components\DAL;C:\Program Files\Intel\Intel(R) Management Engine Components\DAL;C:\Program Files (x86)\nodejs;C:\Program Files\Java\jdk-11.0.15\bin;C:\Program Files\apache-maven-3.8.5\bin;C:\Users\user\AppData\Local\Microsoft\WindowsApps;C:\Users\user\AppData\Local\Programs\Git\cmd;C:\Users\user\AppData\Local\Programs\Microsoft VS Code\bin;C:\Users\user\AppData\Roaming\npm;C:\Users\user\AppData\Local\Programs\Git\usr\bin\vendor_perl;C:\Users\user\AppData\Local\Programs\Git\usr\bin\core_perl
USERNAME=user
SHELL=C:\Users\user\AppData\Local\Programs\Git\usr\bin\bash.exe
DISPLAY=needs-to-be-defined
OS=Windows_NT
PROCESSOR_IDENTIFIER=Intel64 Family 6 Model 78 Stepping 3, GenuineIntel



---------------  S Y S T E M  ---------------

OS: Windows 10 , 64 bit Build 19041 (10.0.19041.1706)

CPU:total 4 (initial active 4) (2 cores per cpu, 2 threads per core) family 6 model 78 stepping 3 microcode 0xea, cmov, cx8, fxsr, mmx, sse, sse2, sse3, ssse3, sse4.1, sse4.2, popcnt, avx, avx2, aes, clmul, erms, rtm, 3dnowpref, lzcnt, ht, tsc, tscinvbit, bmi1, bmi2, adx, fma

Memory: 4k page, system-wide physical 7862M (1115M free)
TotalPageFile size 11862M (AvailPageFile size 56M)
current process WorkingSet (physical memory assigned to process): 9M, peak: 9M
current process commit charge ("private bytes"): 51M, peak: 175M

vm_info: Java HotSpot(TM) 64-Bit Server VM (11.0.15+8-LTS-149) for windows-amd64 JRE (11.0.15+8-LTS-149), built on Mar  9 2022 22:42:32 by "mach5one" with MS VC++ 15.9 (VS2017)

END.
